<?xml version="1.0" encoding="UTF-8"?>
<!-- Generated by org.testng.reporters.JUnitReportReporter -->
<testsuite hostname="El-Kollaly" name="com.services.UserFunctionsTest" tests="3" failures="0" timestamp="13 May 2016 17:46:06 GMT" time="0.020" errors="0">
  <testcase name="testSearchUser" time="0.002" classname="com.services.UserFunctionsTest"/>
  <testcase name="testGetPass" time="0.016" classname="com.services.UserFunctionsTest"/>
  <testcase name="testGetUser" time="0.002" classname="com.services.UserFunctionsTest"/>
</testsuite> <!-- com.services.UserFunctionsTest -->
