<?xml version="1.0" encoding="UTF-8"?>
<!-- Generated by org.testng.reporters.JUnitReportReporter -->
<testsuite hostname="El-Kollaly" name="com.services.SimpleTest" tests="1" failures="0" timestamp="5 May 2016 12:07:56 GMT" time="0.010" errors="0">
  <testcase name="f" time="0.010" classname="com.services.SimpleTest"/>
</testsuite> <!-- com.services.SimpleTest -->
