<?xml version="1.0" encoding="UTF-8"?>
<!-- Generated by org.testng.reporters.JUnitReportReporter -->
<testsuite hostname="El-Kollaly" name="com.services.UserEntityTest" tests="1" failures="0" timestamp="5 May 2016 13:29:00 GMT" time="0.011" errors="0">
  <testcase name="f" time="0.011" classname="com.services.UserEntityTest"/>
</testsuite> <!-- com.services.UserEntityTest -->
