<?xml version="1.0" encoding="UTF-8"?>
<!-- Generated by org.testng.reporters.JUnitReportReporter -->
<testsuite hostname="El-Kollaly" name="com.services.UserEntityTest" tests="3" failures="0" timestamp="5 May 2016 20:39:46 GMT" time="1.255" errors="0">
  <testcase name="testgetLastPosition" time="0.375" classname="com.services.UserEntityTest"/>
  <testcase name="testUpdatePosition" time="0.229" classname="com.services.UserEntityTest"/>
  <testcase name="testLogin" time="0.651" classname="com.services.UserEntityTest"/>
</testsuite> <!-- com.services.UserEntityTest -->
